# JRE version: OpenJDK Runtime Environment (7.0_65-b32) (build 1.7.0_65-b32)
# Java VM: OpenJDK 64-Bit Server VM (24.65-b04 mixed mode linux-amd64 compressed oops)
Heap
 PSYoungGen      total 564224K, used 531488K [0x00000007c1000000, 0x00000007e5880000, 0x0000000800000000)
  eden space 531456K, 100% used [0x00000007c1000000,0x00000007e1700000,0x00000007e1700000)
  from space 32768K, 0% used [0x00000007e1700000,0x00000007e1708000,0x00000007e3700000)
  to   space 30208K, 0% used [0x00000007e3b00000,0x00000007e3b00000,0x00000007e5880000)
 ParOldGen       total 532480K, used 52631K [0x0000000743000000, 0x0000000763800000, 0x00000007c1000000)
  object space 532480K, 9% used [0x0000000743000000,0x0000000746365f80,0x0000000763800000)
 PSPermGen       total 21504K, used 3627K [0x0000000738a00000, 0x0000000739f00000, 0x0000000743000000)
  object space 21504K, 16% used [0x0000000738a00000,0x0000000738d8ac70,0x0000000739f00000)
GC Heap History (10 events):
Event: 862,388 GC heap before
{Heap before GC invocations=3278 (full 36):
 PSYoungGen      total 560640K, used 519243K [0x00000007c1000000, 0x00000007e6400000, 0x0000000800000000)
  eden space 519168K, 100% used [0x00000007c1000000,0x00000007e0b00000,0x00000007e0b00000)
  from space 41472K, 0% used [0x00000007e3b80000,0x00000007e3b92c98,0x00000007e6400000)
  to   space 45568K, 0% used [0x00000007e0b00000,0x00000007e0b00000,0x00000007e3780000)
 ParOldGen       total 532480K, used 52631K [0x0000000743000000, 0x0000000763800000, 0x00000007c1000000)
  object space 532480K, 9% used [0x0000000743000000,0x0000000746365f80,0x0000000763800000)
 PSPermGen       total 21504K, used 3627K [0x0000000738a00000, 0x0000000739f00000, 0x0000000743000000)
  object space 21504K, 16% used [0x0000000738a00000,0x0000000738d8ac70,0x0000000739f00000)
Event: 862,390 GC heap after
Heap after GC invocations=3278 (full 36):
 PSYoungGen      total 564736K, used 75K [0x00000007c1000000, 0x00000007e6280000, 0x0000000800000000)
  eden space 519168K, 0% used [0x00000007c1000000,0x00000007c1000000,0x00000007e0b00000)
  from space 45568K, 0% used [0x00000007e0b00000,0x00000007e0b12f80,0x00000007e3780000)
  to   space 41984K, 0% used [0x00000007e3980000,0x00000007e3980000,0x00000007e6280000)
 ParOldGen       total 532480K, used 52631K [0x0000000743000000, 0x0000000763800000, 0x00000007c1000000)
  object space 532480K, 9% used [0x0000000743000000,0x0000000746365f80,0x0000000763800000)
 PSPermGen       total 21504K, used 3627K [0x0000000738a00000, 0x0000000739f00000, 0x0000000743000000)
  object space 21504K, 16% used [0x0000000738a00000,0x0000000738d8ac70,0x0000000739f00000)
}
Event: 862,734 GC heap before
{Heap before GC invocations=3279 (full 36):
 PSYoungGen      total 564736K, used 519243K [0x00000007c1000000, 0x00000007e6280000, 0x0000000800000000)
  eden space 519168K, 100% used [0x00000007c1000000,0x00000007e0b00000,0x00000007e0b00000)
  from space 45568K, 0% used [0x00000007e0b00000,0x00000007e0b12f80,0x00000007e3780000)
  to   space 41984K, 0% used [0x00000007e3980000,0x00000007e3980000,0x00000007e6280000)
 ParOldGen       total 532480K, used 52631K [0x0000000743000000, 0x0000000763800000, 0x00000007c1000000)
  object space 532480K, 9% used [0x0000000743000000,0x0000000746365f80,0x0000000763800000)
 PSPermGen       total 21504K, used 3627K [0x0000000738a00000, 0x0000000739f00000, 0x0000000743000000)
  object space 21504K, 16% used [0x0000000738a00000,0x0000000738d8ac70,0x0000000739f00000)
Event: 862,735 GC heap after
Heap after GC invocations=3279 (full 36):
 PSYoungGen      total 560640K, used 64K [0x00000007c1000000, 0x00000007e5c80000, 0x0000000800000000)
  eden space 524800K, 0% used [0x00000007c1000000,0x00000007c1000000,0x00000007e1080000)
  from space 35840K, 0% used [0x00000007e3980000,0x00000007e3990000,0x00000007e5c80000)
  to   space 38912K, 0% used [0x00000007e1080000,0x00000007e1080000,0x00000007e3680000)
 ParOldGen       total 532480K, used 52631K [0x0000000743000000, 0x0000000763800000, 0x00000007c1000000)
  object space 532480K, 9% used [0x0000000743000000,0x0000000746365f80,0x0000000763800000)
 PSPermGen       total 21504K, used 3627K [0x0000000738a00000, 0x0000000739f00000, 0x0000000743000000)
  object space 21504K, 16% used [0x0000000738a00000,0x0000000738d8ac70,0x0000000739f00000)
}
Event: 863,081 GC heap before
{Heap before GC invocations=3280 (full 36):
 PSYoungGen      total 560640K, used 524864K [0x00000007c1000000, 0x00000007e5c80000, 0x0000000800000000)
  eden space 524800K, 100% used [0x00000007c1000000,0x00000007e1080000,0x00000007e1080000)
  from space 35840K, 0% used [0x00000007e3980000,0x00000007e3990000,0x00000007e5c80000)
  to   space 38912K, 0% used [0x00000007e1080000,0x00000007e1080000,0x00000007e3680000)
 ParOldGen       total 532480K, used 52631K [0x0000000743000000, 0x0000000763800000, 0x00000007c1000000)
  object space 532480K, 9% used [0x0000000743000000,0x0000000746365f80,0x0000000763800000)
 PSPermGen       total 21504K, used 3627K [0x0000000738a00000, 0x0000000739f00000, 0x0000000743000000)
  object space 21504K, 16% used [0x0000000738a00000,0x0000000738d8ac70,0x0000000739f00000)
Event: 863,083 GC heap after
Heap after GC invocations=3280 (full 36):
 PSYoungGen      total 563712K, used 64K [0x00000007c1000000, 0x00000007e5c00000, 0x0000000800000000)
  eden space 524800K, 0% used [0x00000007c1000000,0x00000007c1000000,0x00000007e1080000)
  from space 38912K, 0% used [0x00000007e1080000,0x00000007e1090000,0x00000007e3680000)
  to   space 35840K, 0% used [0x00000007e3900000,0x00000007e3900000,0x00000007e5c00000)
 ParOldGen       total 532480K, used 52631K [0x0000000743000000, 0x0000000763800000, 0x00000007c1000000)
  object space 532480K, 9% used [0x0000000743000000,0x0000000746365f80,0x0000000763800000)
 PSPermGen       total 21504K, used 3627K [0x0000000738a00000, 0x0000000739f00000, 0x0000000743000000)
  object space 21504K, 16% used [0x0000000738a00000,0x0000000738d8ac70,0x0000000739f00000)
}
Event: 863,433 GC heap before
{Heap before GC invocations=3281 (full 36):
 PSYoungGen      total 563712K, used 524864K [0x00000007c1000000, 0x00000007e5c00000, 0x0000000800000000)
  eden space 524800K, 100% used [0x00000007c1000000,0x00000007e1080000,0x00000007e1080000)
  from space 38912K, 0% used [0x00000007e1080000,0x00000007e1090000,0x00000007e3680000)
  to   space 35840K, 0% used [0x00000007e3900000,0x00000007e3900000,0x00000007e5c00000)
 ParOldGen       total 532480K, used 52631K [0x0000000743000000, 0x0000000763800000, 0x00000007c1000000)
  object space 532480K, 9% used [0x0000000743000000,0x0000000746365f80,0x0000000763800000)
 PSPermGen       total 21504K, used 3627K [0x0000000738a00000, 0x0000000739f00000, 0x0000000743000000)
  object space 21504K, 16% used [0x0000000738a00000,0x0000000738d8ac70,0x0000000739f00000)
Event: 863,435 GC heap after
Heap after GC invocations=3281 (full 36):
 PSYoungGen      total 562176K, used 32K [0x00000007c1000000, 0x00000007e5700000, 0x0000000800000000)
  eden space 531456K, 0% used [0x00000007c1000000,0x00000007c1000000,0x00000007e1700000)
  from space 30720K, 0% used [0x00000007e3900000,0x00000007e3908000,0x00000007e5700000)
  to   space 32768K, 0% used [0x00000007e1700000,0x00000007e1700000,0x00000007e3700000)
 ParOldGen       total 532480K, used 52631K [0x0000000743000000, 0x0000000763800000, 0x00000007c1000000)
  object space 532480K, 9% used [0x0000000743000000,0x0000000746365f80,0x0000000763800000)
 PSPermGen       total 21504K, used 3627K [0x0000000738a00000, 0x0000000739f00000, 0x0000000743000000)
  object space 21504K, 16% used [0x0000000738a00000,0x0000000738d8ac70,0x0000000739f00000)
}
Event: 863,785 GC heap before
{Heap before GC invocations=3282 (full 36):
 PSYoungGen      total 562176K, used 531488K [0x00000007c1000000, 0x00000007e5700000, 0x0000000800000000)
  eden space 531456K, 100% used [0x00000007c1000000,0x00000007e1700000,0x00000007e1700000)
  from space 30720K, 0% used [0x00000007e3900000,0x00000007e3908000,0x00000007e5700000)
  to   space 32768K, 0% used [0x00000007e1700000,0x00000007e1700000,0x00000007e3700000)
 ParOldGen       total 532480K, used 52631K [0x0000000743000000, 0x0000000763800000, 0x00000007c1000000)
  object space 532480K, 9% used [0x0000000743000000,0x0000000746365f80,0x0000000763800000)
 PSPermGen       total 21504K, used 3627K [0x0000000738a00000, 0x0000000739f00000, 0x0000000743000000)
  object space 21504K, 16% used [0x0000000738a00000,0x0000000738d8ac70,0x0000000739f00000)
Event: 863,787 GC heap after
Heap after GC invocations=3282 (full 36):
 PSYoungGen      total 564224K, used 32K [0x00000007c1000000, 0x00000007e5880000, 0x0000000800000000)
  eden space 531456K, 0% used [0x00000007c1000000,0x00000007c1000000,0x00000007e1700000)
  from space 32768K, 0% used [0x00000007e1700000,0x00000007e1708000,0x00000007e3700000)
  to   space 30208K, 0% used [0x00000007e3b00000,0x00000007e3b00000,0x00000007e5880000)
 ParOldGen       total 532480K, used 52631K [0x0000000743000000, 0x0000000763800000, 0x00000007c1000000)
  object space 532480K, 9% used [0x0000000743000000,0x0000000746365f80,0x0000000763800000)
 PSPermGen       total 21504K, used 3627K [0x0000000738a00000, 0x0000000739f00000, 0x0000000743000000)
  object space 21504K, 16% used [0x0000000738a00000,0x0000000738d8ac70,0x0000000739f00000)
}

