# JRE version: OpenJDK Runtime Environment (7.0_91-b02) (build 1.7.0_91-b02)
# Java VM: OpenJDK 64-Bit Server VM (24.91-b01 mixed mode linux-amd64 compressed oops)
Heap
 PSYoungGen      total 124416K, used 123936K [0x00000007c1000000, 0x00000007f5e80000, 0x0000000800000000)
  eden space 123904K, 100% used [0x00000007c1000000,0x00000007c8900000,0x00000007c8900000)
  from space 512K, 6% used [0x00000007f5e00000,0x00000007f5e08000,0x00000007f5e80000)
  to   space 512K, 0% used [0x00000007f5d80000,0x00000007f5d80000,0x00000007f5e00000)
 ParOldGen       total 510976K, used 16173K [0x0000000743000000, 0x0000000762300000, 0x00000007c1000000)
  object space 510976K, 3% used [0x0000000743000000,0x0000000743fcb6a8,0x0000000762300000)
 PSPermGen       total 21504K, used 3588K [0x0000000738a00000, 0x0000000739f00000, 0x0000000743000000)
  object space 21504K, 16% used [0x0000000738a00000,0x0000000738d81000,0x0000000739f00000)
GC Heap History (10 events):
Event: 4576,719 GC heap before
{Heap before GC invocations=46045 (full 22):
 PSYoungGen      total 131072K, used 130624K [0x00000007c1000000, 0x00000007f5e80000, 0x0000000800000000)
  eden space 130560K, 100% used [0x00000007c1000000,0x00000007c8f80000,0x00000007c8f80000)
  from space 512K, 12% used [0x00000007f5d80000,0x00000007f5d90000,0x00000007f5e00000)
  to   space 512K, 0% used [0x00000007f5e00000,0x00000007f5e00000,0x00000007f5e80000)
 ParOldGen       total 510976K, used 16165K [0x0000000743000000, 0x0000000762300000, 0x00000007c1000000)
  object space 510976K, 3% used [0x0000000743000000,0x0000000743fc96a8,0x0000000762300000)
 PSPermGen       total 21504K, used 3588K [0x0000000738a00000, 0x0000000739f00000, 0x0000000743000000)
  object space 21504K, 16% used [0x0000000738a00000,0x0000000738d81000,0x0000000739f00000)
Event: 4576,720 GC heap after
Heap after GC invocations=46045 (full 22):
 PSYoungGen      total 128000K, used 64K [0x00000007c1000000, 0x00000007f5e80000, 0x0000000800000000)
  eden space 127488K, 0% used [0x00000007c1000000,0x00000007c1000000,0x00000007c8c80000)
  from space 512K, 12% used [0x00000007f5e00000,0x00000007f5e10000,0x00000007f5e80000)
  to   space 512K, 0% used [0x00000007f5d80000,0x00000007f5d80000,0x00000007f5e00000)
 ParOldGen       total 510976K, used 16173K [0x0000000743000000, 0x0000000762300000, 0x00000007c1000000)
  object space 510976K, 3% used [0x0000000743000000,0x0000000743fcb6a8,0x0000000762300000)
 PSPermGen       total 21504K, used 3588K [0x0000000738a00000, 0x0000000739f00000, 0x0000000743000000)
  object space 21504K, 16% used [0x0000000738a00000,0x0000000738d81000,0x0000000739f00000)
}
Event: 4576,808 GC heap before
{Heap before GC invocations=46046 (full 22):
 PSYoungGen      total 128000K, used 127552K [0x00000007c1000000, 0x00000007f5e80000, 0x0000000800000000)
  eden space 127488K, 100% used [0x00000007c1000000,0x00000007c8c80000,0x00000007c8c80000)
  from space 512K, 12% used [0x00000007f5e00000,0x00000007f5e10000,0x00000007f5e80000)
  to   space 512K, 0% used [0x00000007f5d80000,0x00000007f5d80000,0x00000007f5e00000)
 ParOldGen       total 510976K, used 16173K [0x0000000743000000, 0x0000000762300000, 0x00000007c1000000)
  object space 510976K, 3% used [0x0000000743000000,0x0000000743fcb6a8,0x0000000762300000)
 PSPermGen       total 21504K, used 3588K [0x0000000738a00000, 0x0000000739f00000, 0x0000000743000000)
  object space 21504K, 16% used [0x0000000738a00000,0x0000000738d81000,0x0000000739f00000)
Event: 4576,809 GC heap after
Heap after GC invocations=46046 (full 22):
 PSYoungGen      total 124928K, used 64K [0x00000007c1000000, 0x00000007f5e80000, 0x0000000800000000)
  eden space 124416K, 0% used [0x00000007c1000000,0x00000007c1000000,0x00000007c8980000)
  from space 512K, 12% used [0x00000007f5d80000,0x00000007f5d90000,0x00000007f5e00000)
  to   space 512K, 0% used [0x00000007f5e00000,0x00000007f5e00000,0x00000007f5e80000)
 ParOldGen       total 510976K, used 16173K [0x0000000743000000, 0x0000000762300000, 0x00000007c1000000)
  object space 510976K, 3% used [0x0000000743000000,0x0000000743fcb6a8,0x0000000762300000)
 PSPermGen       total 21504K, used 3588K [0x0000000738a00000, 0x0000000739f00000, 0x0000000743000000)
  object space 21504K, 16% used [0x0000000738a00000,0x0000000738d81000,0x0000000739f00000)
}
Event: 4576,895 GC heap before
{Heap before GC invocations=46047 (full 22):
 PSYoungGen      total 124928K, used 124480K [0x00000007c1000000, 0x00000007f5e80000, 0x0000000800000000)
  eden space 124416K, 100% used [0x00000007c1000000,0x00000007c8980000,0x00000007c8980000)
  from space 512K, 12% used [0x00000007f5d80000,0x00000007f5d90000,0x00000007f5e00000)
  to   space 512K, 0% used [0x00000007f5e00000,0x00000007f5e00000,0x00000007f5e80000)
 ParOldGen       total 510976K, used 16173K [0x0000000743000000, 0x0000000762300000, 0x00000007c1000000)
  object space 510976K, 3% used [0x0000000743000000,0x0000000743fcb6a8,0x0000000762300000)
 PSPermGen       total 21504K, used 3588K [0x0000000738a00000, 0x0000000739f00000, 0x0000000743000000)
  object space 21504K, 16% used [0x0000000738a00000,0x0000000738d81000,0x0000000739f00000)
Event: 4576,897 GC heap after
Heap after GC invocations=46047 (full 22):
 PSYoungGen      total 122368K, used 32K [0x00000007c1000000, 0x00000007f5e80000, 0x0000000800000000)
  eden space 121856K, 0% used [0x00000007c1000000,0x00000007c1000000,0x00000007c8700000)
  from space 512K, 6% used [0x00000007f5e00000,0x00000007f5e08000,0x00000007f5e80000)
  to   space 512K, 0% used [0x00000007f5d80000,0x00000007f5d80000,0x00000007f5e00000)
 ParOldGen       total 510976K, used 16173K [0x0000000743000000, 0x0000000762300000, 0x00000007c1000000)
  object space 510976K, 3% used [0x0000000743000000,0x0000000743fcb6a8,0x0000000762300000)
 PSPermGen       total 21504K, used 3588K [0x0000000738a00000, 0x0000000739f00000, 0x0000000743000000)
  object space 21504K, 16% used [0x0000000738a00000,0x0000000738d81000,0x0000000739f00000)
}
Event: 4576,981 GC heap before
{Heap before GC invocations=46048 (full 22):
 PSYoungGen      total 122368K, used 121888K [0x00000007c1000000, 0x00000007f5e80000, 0x0000000800000000)
  eden space 121856K, 100% used [0x00000007c1000000,0x00000007c8700000,0x00000007c8700000)
  from space 512K, 6% used [0x00000007f5e00000,0x00000007f5e08000,0x00000007f5e80000)
  to   space 512K, 0% used [0x00000007f5d80000,0x00000007f5d80000,0x00000007f5e00000)
 ParOldGen       total 510976K, used 16173K [0x0000000743000000, 0x0000000762300000, 0x00000007c1000000)
  object space 510976K, 3% used [0x0000000743000000,0x0000000743fcb6a8,0x0000000762300000)
 PSPermGen       total 21504K, used 3588K [0x0000000738a00000, 0x0000000739f00000, 0x0000000743000000)
  object space 21504K, 16% used [0x0000000738a00000,0x0000000738d81000,0x0000000739f00000)
Event: 4576,982 GC heap after
Heap after GC invocations=46048 (full 22):
 PSYoungGen      total 119808K, used 64K [0x00000007c1000000, 0x00000007f5e80000, 0x0000000800000000)
  eden space 119296K, 0% used [0x00000007c1000000,0x00000007c1000000,0x00000007c8480000)
  from space 512K, 12% used [0x00000007f5d80000,0x00000007f5d90000,0x00000007f5e00000)
  to   space 512K, 0% used [0x00000007f5e00000,0x00000007f5e00000,0x00000007f5e80000)
 ParOldGen       total 510976K, used 16173K [0x0000000743000000, 0x0000000762300000, 0x00000007c1000000)
  object space 510976K, 3% used [0x0000000743000000,0x0000000743fcb6a8,0x0000000762300000)
 PSPermGen       total 21504K, used 3588K [0x0000000738a00000, 0x0000000739f00000, 0x0000000743000000)
  object space 21504K, 16% used [0x0000000738a00000,0x0000000738d81000,0x0000000739f00000)
}
Event: 4577,059 GC heap before
{Heap before GC invocations=46049 (full 22):
 PSYoungGen      total 119808K, used 119360K [0x00000007c1000000, 0x00000007f5e80000, 0x0000000800000000)
  eden space 119296K, 100% used [0x00000007c1000000,0x00000007c8480000,0x00000007c8480000)
  from space 512K, 12% used [0x00000007f5d80000,0x00000007f5d90000,0x00000007f5e00000)
  to   space 512K, 0% used [0x00000007f5e00000,0x00000007f5e00000,0x00000007f5e80000)
 ParOldGen       total 510976K, used 16173K [0x0000000743000000, 0x0000000762300000, 0x00000007c1000000)
  object space 510976K, 3% used [0x0000000743000000,0x0000000743fcb6a8,0x0000000762300000)
 PSPermGen       total 21504K, used 3588K [0x0000000738a00000, 0x0000000739f00000, 0x0000000743000000)
  object space 21504K, 16% used [0x0000000738a00000,0x0000000738d81000,0x0000000739f00000)
Event: 4577,060 GC heap after
Heap after GC invocations=46049 (full 22):
 PSYoungGen      total 124416K, used 32K [0x00000007c1000000, 0x00000007f5e80000, 0x0000000800000000)
  eden space 123904K, 0% used [0x00000007c1000000,0x00000007c1000000,0x00000007c8900000)
  from space 512K, 6% used [0x00000007f5e00000,0x00000007f5e08000,0x00000007f5e80000)
  to   space 512K, 0% used [0x00000007f5d80000,0x00000007f5d80000,0x00000007f5e00000)
 ParOldGen       total 510976K, used 16173K [0x0000000743000000, 0x0000000762300000, 0x00000007c1000000)
  object space 510976K, 3% used [0x0000000743000000,0x0000000743fcb6a8,0x0000000762300000)
 PSPermGen       total 21504K, used 3588K [0x0000000738a00000, 0x0000000739f00000, 0x0000000743000000)
  object space 21504K, 16% used [0x0000000738a00000,0x0000000738d81000,0x0000000739f00000)
}

